C51 COMPILER V9.56.0.0   APP_EEPROM                                                        11/11/2017 19:30:52 PAGE 1   


C51 COMPILER V9.56.0.0, COMPILATION OF MODULE APP_EEPROM
OBJECT MODULE PLACED IN .\Out\Objects\app_eeprom.obj
COMPILER INVOKED BY: C:\Keil_v5\C51\BIN\C51.EXE ..\App\src\app_eeprom.c LARGE OPTIMIZE(8,SPEED) BROWSE INCDIR(..\Common\
                    -inc;..\App\inc;..\Bsp\inc;..\Startup;..\Bsp) DEFINE(FOSC_160000) DEBUG OBJECTEXTEND PRINT(.\Out\Listings\app_eeprom.lst)
                    - OBJECT(.\Out\Objects\app_eeprom.obj)

line level    source

   1          /*
   2           * app_eeprom.c
   3           *
   4           *  Created on: 2017Äê9ÔÂ8ÈÕ
   5           *      Author: fly
   6           */
   7          #include "app.h"
   8          #include <string.h>
   9          
  10          #define DOME_START_ADDR   0x3C00  //use 3KB
  11          
  12          void app_eeprom_Init(void) {
  13   1      
  14   1      }
  15          
  16          void app_eeprom_get_dome_with_index(DOME_DEFAULT_T *dd, uint8_t index) {
  17   1              uint8_t i = 0;
  18   1              uint8_t n = 0;
  19   1              n = index;
  20   1      
  21   1              if (n >= DEFAULT_DOME_NUM) {
  22   2                      n = 0;
  23   2              }
  24   1              for (i = 0; i < sizeof(DOME_DEFAULT_T); i++) {
  25   2                      *((uint8_t*) dd + i) =
  26   2                                      read_APROM_BYTE(
  27   2                      DOME_START_ADDR + index * sizeof(DOME_DEFAULT_T) + i);
*** WARNING C214 IN LINE 27 OF ..\App\src\app_eeprom.c: 'Argument': conversion: non-pointer to pointer
  28   2              }
  29   1      }
  30          
  31          void app_eeprom_write_byte(uint16_t addr, uint8_t d) {
  32   1              write_DATAFLASH_BYTE(DOME_START_ADDR + addr, d);
  33   1      }
  34          
  35          void app_eeprom_100ms_pro(void) {
  36   1      
  37   1      }
  38          
  39          static void app_eeprom_pro(void) {
  40   1      
  41   1      }


MODULE INFORMATION:   STATIC OVERLAYABLE
   CODE SIZE        =    111    ----
   CONSTANT SIZE    =   ----    ----
   XDATA SIZE       =   ----       5
   PDATA SIZE       =   ----    ----
   DATA SIZE        =   ----    ----
   IDATA SIZE       =   ----    ----
   BIT SIZE         =   ----    ----
END OF MODULE INFORMATION.

C51 COMPILER V9.56.0.0   APP_EEPROM                                                        11/11/2017 19:30:52 PAGE 2   


C51 COMPILATION COMPLETE.  1 WARNING(S),  0 ERROR(S)
