C51 COMPILER V9.52.0.0   APP_WORK                                                          12/16/2017 10:54:39 PAGE 1   


C51 COMPILER V9.52.0.0, COMPILATION OF MODULE APP_WORK
OBJECT MODULE PLACED IN .\Out\Objects\app_work.obj
COMPILER INVOKED BY: C:\Keil_v5\C51\BIN\C51.EXE ..\App\src\app_work.c LARGE OPTIMIZE(8,SPEED) BROWSE INCDIR(..\Common\in
                    -c;..\App\inc;..\Bsp\inc;..\Startup;..\Bsp) DEFINE(FOSC_160000) DEBUG OBJECTEXTEND PRINT(.\Out\Listings\app_work.lst) TAB
                    -S(2) OBJECT(.\Out\Objects\app_work.obj)

line level    source

   1          /*
   2           * app_work.c
   3           *
   4           *  Created on: 2017Äê7ÔÂ6ÈÕ
   5           *      Author: admin
   6           */
   7          
   8          #include "app.h"
   9          
  10          idata WORK_T g_tWork;
  11          
  12          void app_work_Init(void) {
  13   1      
  14   1      }
  15          
  16          void app_work_1s_pro(void) {
  17   1        if (g_tWork.match_code_mode) {
  18   2      
  19   2        }
  20   1      
  21   1      }
  22          void app_work_100ms_pro(void) {
  23   1      
  24   1      }
  25          
  26          static void app_work_pro(void) {
  27   1      
  28   1      }
  29          


MODULE INFORMATION:   STATIC OVERLAYABLE
   CODE SIZE        =      4    ----
   CONSTANT SIZE    =   ----    ----
   XDATA SIZE       =   ----    ----
   PDATA SIZE       =   ----    ----
   DATA SIZE        =   ----    ----
   IDATA SIZE       =      1    ----
   BIT SIZE         =   ----    ----
END OF MODULE INFORMATION.


C51 COMPILATION COMPLETE.  0 WARNING(S),  0 ERROR(S)
