C51 COMPILER V9.56.0.0   APP_2D4                                                           11/12/2017 23:51:34 PAGE 1   


C51 COMPILER V9.56.0.0, COMPILATION OF MODULE APP_2D4
OBJECT MODULE PLACED IN .\Out\Objects\app_2d4.obj
COMPILER INVOKED BY: C:\Keil_v5\C51\BIN\C51.EXE ..\App\src\app_2d4.c LARGE OPTIMIZE(8,SPEED) BROWSE INCDIR(..\Common\inc
                    -;..\App\inc;..\Bsp\inc;..\Startup;..\Bsp) DEFINE(FOSC_160000) DEBUG OBJECTEXTEND PRINT(.\Out\Listings\app_2d4.lst) OBJEC
                    -T(.\Out\Objects\app_2d4.obj)

line level    source

   1          /*
   2           * app_2d4.c
   3           *
   4           *  Created on: 2017年8月16日
   5           *      Author: fly
   6           */
   7          #include "app.h"
   8          #include <string.h>
   9          #include <ctype.h>
  10          
  11          #include "app_2d4.h"
  12          
  13          static uint8_t sendRcv_flag = 0; //0 rcv， 1 send
  14          static uint8_t rcvBuf[PAYLOAD_WIDTH] = { 0 };
  15          uint8_t sendBuf[PAYLOAD_WIDTH] = { 0 };
  16          
  17          uint8_t tmpBuf[8] = { 0 };
  18          
  19          //static uint8_t test_vol = 0;
  20          //static uint8_t test_yinxiang_status = 0;
  21          
  22          void app_2d4_init(void) {
  23   1      
  24   1              sendRcv_flag = 0;
  25   1              memset(rcvBuf, 0, sizeof(rcvBuf));
  26   1              memset(sendBuf, 0, sizeof(sendBuf));
  27   1      
  28   1              RF_Init();
  29   1      #if 1
  30   1      
  31   1              RF_RxMode();
  32   1      #else
                      RF_TxMode();
                      sendRcv_flag = 1;
              #endif
  36   1      
  37   1      //      RF_Carrier(1);
  38   1      
  39   1      }
  40          
  41          void app_2d4_send(uint8_t *d, uint8_t len) {
  42   1      //      if (len > PAYLOAD_WIDTH) {
  43   1      //              return;
  44   1      //      }
  45   1              uint8_t i = 0;
  46   1              for (i = 0; i < 10; i++) {
  47   2                      nop
  48   2      //              nop
  49   2      //              nop
  50   2      //              nop
  51   2              }
  52   1              RF_TxMode();
  53   1              sendRcv_flag = 1;
C51 COMPILER V9.56.0.0   APP_2D4                                                           11/12/2017 23:51:34 PAGE 2   

  54   1      
  55   1              for (i = 0; i < 10; i++) {
  56   2                      nop
  57   2      //              nop
  58   2      //              nop
  59   2      //              nop
  60   2              }
  61   1      
  62   1              if (sendBuf != d) {
  63   2                      memset(sendBuf, 0, PAYLOAD_WIDTH);
  64   2                      memcpy(sendBuf, d, len);
  65   2              }
  66   1      }
  67          
  68          static void app_2d4_Rcv(uint8_t *buf) {}
*** WARNING C280 IN LINE 68 OF ..\App\src\app_2d4.c: 'buf': unreferenced local variable
  69          
  70          void app_2d4_pro(void) {
  71   1      
  72   1              if (sendRcv_flag) {
  73   2      
  74   2                      switch (ucRF_GetStatus()) {
  75   3                      case TX_DS_FLAG:                // 普通型发送完成 或 增强型发送成功
  76   3      
  77   3                              RF_ClearFIFO();
  78   3                              RF_ClearStatus();
  79   3      
  80   3      //                      printf("Send OK\r\n");
  81   3      
  82   3                              sendRcv_flag = 0;
  83   3      //                      RF_RxMode();
  84   3      
  85   3      //                      Relay_toggle();
  86   3      
  87   3                              break;
  88   3                      case RX_DR_FLAG:                //发送成功且收到payload
  89   3      
  90   3                              RF_ClearFIFO();
  91   3                              RF_ClearStatus();
  92   3                              break;
  93   3                      case MAX_RT_FLAG:               // 增强型发送超时失败
  94   3      
  95   3                              RF_ClearFIFO();
  96   3                              RF_ClearStatus();
  97   3                              break;
  98   3                      default:                // rf 处于空闲状态才发送数据
  99   3      
 100   3                              RF_TxData(sendBuf, sizeof(sendBuf));
 101   3      
 102   3                              break;
 103   3                      }
 104   2      
 105   2              } else {
 106   2                      if (ucRF_DumpRxData(rcvBuf, sizeof(rcvBuf))) {
 107   3      //                      app_2d4_Rcv(rcvBuf);
 108   3                      }
 109   2              }
 110   1      }
 111          


MODULE INFORMATION:   STATIC OVERLAYABLE
C51 COMPILER V9.56.0.0   APP_2D4                                                           11/12/2017 23:51:34 PAGE 3   

   CODE SIZE        =    227    ----
   CONSTANT SIZE    =   ----    ----
   XDATA SIZE       =     41       7
   PDATA SIZE       =   ----    ----
   DATA SIZE        =   ----    ----
   IDATA SIZE       =   ----    ----
   BIT SIZE         =   ----    ----
END OF MODULE INFORMATION.


C51 COMPILATION COMPLETE.  1 WARNING(S),  0 ERROR(S)
