C51 COMPILER V9.52.0.0   BSP_TIMER0                                                        12/20/2017 13:19:24 PAGE 1   


C51 COMPILER V9.52.0.0, COMPILATION OF MODULE BSP_TIMER0
OBJECT MODULE PLACED IN .\Out\Objects\bsp_timer0.obj
COMPILER INVOKED BY: C:\Keil_v5\C51\BIN\C51.EXE ..\Bsp\src\bsp_timer0.c LARGE OPTIMIZE(8,SPEED) BROWSE INCDIR(..\Common\
                    -inc;..\App\inc;..\Bsp\inc;..\Startup;..\Bsp) DEFINE(FOSC_160000) DEBUG OBJECTEXTEND PRINT(.\Out\Listings\bsp_timer0.lst)
                    - TABS(2) OBJECT(.\Out\Objects\bsp_timer0.obj)

line level    source

   1          /*
   2           * bsp_timer0.c
   3           *
   4           *  Created on: 2017Äê6ÔÂ28ÈÕ
   5           *      Author: fly
   6           */
   7          
   8          #include "bsp.h"
   9          #include "string.h"
  10          
  11          #define TH0_INIT        1340
  12          #define TL0_INIT        1340
  13          
  14          static uint8_t u8TH0_tmp = 0, u8TL0_tmp = 0;
  15          
  16          _Task_time Task_time;
  17          
  18          static void timer0_ParamInit(void);
  19          void Timer0_InitHard(void) {
  20   1      
  21   1        timer0_ParamInit();
  22   1      
  23   1        TIMER0_MODE1_ENABLE
  24   1        ;
  25   1      
  26   1        clr_T0M;
  27   1      
  28   1        u8TH0_tmp = (65536 - TH0_INIT) / 256;
  29   1        u8TL0_tmp = (65536 - TL0_INIT) % 256;
  30   1      
  31   1        TH0 = u8TH0_tmp;            //initial counter values
  32   1        TL0 = u8TL0_tmp;
  33   1      
  34   1        set_ET0;                                    //enable Timer0 interrupt
  35   1        set_TR0;                                    //Timer0 run
  36   1      
  37   1      }
  38          
  39          static void timer0_ParamInit(void) {
  40   1      
  41   1        memset((uint8_t*)&Task_time, 0, sizeof(_Task_time));
  42   1      
  43   1      }
  44          
  45          void Timer0_ISR(void)
  46          interrupt 1              //interrupt address is 0x000B
  47          {
  48   1        TH0 = u8TH0_tmp;
  49   1        TL0 = u8TL0_tmp;
  50   1      
  51   1        Task_time.flag_1ms = 1;
  52   1      
  53   1        if (++Task_time.cnt_10ms >= 10) {
C51 COMPILER V9.52.0.0   BSP_TIMER0                                                        12/20/2017 13:19:24 PAGE 2   

  54   2          Task_time.cnt_10ms = 0;
  55   2          Task_time.flag_10ms = 1;
  56   2        }
  57   1        if (++Task_time.cnt_100ms >= 100) {
  58   2          Task_time.cnt_100ms = 0;
  59   2          Task_time.flag_100ms = 1;
  60   2      
  61   2        }
  62   1        if (++Task_time.cnt_500ms >= 500) {
  63   2          Task_time.cnt_500ms = 0;
  64   2          Task_time.flag_500ms = 1;
  65   2        }
  66   1      
  67   1        if (++Task_time.cnt_1s >= 1000) {
  68   2          Task_time.cnt_1s = 0;
  69   2          Task_time.flag_1s = 1;
  70   2      
  71   2        }
  72   1      
  73   1      }
  74          


MODULE INFORMATION:   STATIC OVERLAYABLE
   CODE SIZE        =    187    ----
   CONSTANT SIZE    =   ----    ----
   XDATA SIZE       =     13    ----
   PDATA SIZE       =   ----    ----
   DATA SIZE        =   ----    ----
   IDATA SIZE       =   ----    ----
   BIT SIZE         =   ----    ----
END OF MODULE INFORMATION.


C51 COMPILATION COMPLETE.  0 WARNING(S),  0 ERROR(S)
