C51 COMPILER V9.52.0.0   BSP_LED                                                           11/22/2017 10:42:58 PAGE 1   


C51 COMPILER V9.52.0.0, COMPILATION OF MODULE BSP_LED
OBJECT MODULE PLACED IN .\Out\Objects\bsp_led.obj
COMPILER INVOKED BY: C:\Keil_v5\C51\BIN\C51.EXE ..\Bsp\src\bsp_led.c LARGE OPTIMIZE(8,SPEED) BROWSE INCDIR(..\Common\inc
                    -;..\App\inc;..\Bsp\inc;..\Startup;..\Bsp) DEFINE(FOSC_160000) DEBUG OBJECTEXTEND PRINT(.\Out\Listings\bsp_led.lst) TABS(
                    -2) OBJECT(.\Out\Objects\bsp_led.obj)

line level    source

   1          /*
   2           * bsp_led.c
   3           *
   4           *  Created on: 2017Äê11ÔÂ13ÈÕ
   5           *      Author: fly
   6           */
   7          
   8          #include "bsp.h"
   9          #include <string.h>
  10          
  11          void bsp_led_init(void) {
  12   1        clr_P3M1_0;
  13   1        set_P3M2_0;
  14   1        bsp_led_off();
  15   1      }
  16          
  17          void bsp_led_on(void) {
  18   1        P30 = 1;
  19   1      }
  20          void bsp_led_off(void) {
  21   1        P30 = 0;
  22   1      }
  23          void bsp_led_set(uint8_t s) {
  24   1        if (s) {
  25   2          bsp_led_on();
  26   2        } else {
  27   2          bsp_led_off();
  28   2        }
  29   1      }


MODULE INFORMATION:   STATIC OVERLAYABLE
   CODE SIZE        =     25    ----
   CONSTANT SIZE    =   ----    ----
   XDATA SIZE       =   ----    ----
   PDATA SIZE       =   ----    ----
   DATA SIZE        =   ----    ----
   IDATA SIZE       =   ----    ----
   BIT SIZE         =   ----    ----
END OF MODULE INFORMATION.


C51 COMPILATION COMPLETE.  0 WARNING(S),  0 ERROR(S)
