C51 COMPILER V9.52.0.0   MAIN                                                              12/14/2017 16:07:40 PAGE 1   


C51 COMPILER V9.52.0.0, COMPILATION OF MODULE MAIN
OBJECT MODULE PLACED IN .\Out\Objects\main.obj
COMPILER INVOKED BY: C:\Keil_v5\C51\BIN\C51.EXE ..\App\src\main.c LARGE OPTIMIZE(8,SPEED) BROWSE INCDIR(..\Common\inc;..
                    -\App\inc;..\Bsp\inc;..\Startup;..\Bsp) DEFINE(FOSC_160000) DEBUG OBJECTEXTEND PRINT(.\Out\Listings\main.lst) TABS(2) OBJ
                    -ECT(.\Out\Objects\main.obj)

line level    source

   1          #include "app.h"
   2          
   3          //static uint8_t dome_cnt = 0;
   4          
   5          static void into_powerDown(void) {
   6   1      
   7   1        set_P0M1_0;
   8   1        clr_P0M2_0;
   9   1        
  10   1        set_P1M1_0;
  11   1        clr_P1M2_0;
  12   1        
  13   1        set_P1M1_1;
  14   1        clr_P1M2_1;
  15   1        
  16   1        P00=0;
  17   1        P10=0;
  18   1        P11=0;
  19   1        
  20   1        
  21   1        set_P1M1_2;
  22   1        P1M2 &=~SET_BIT2;
  23   1        
  24   1        P12 = 1;
  25   1      
  26   1        P02 = 0;
  27   1        P03 = 0;
  28   1        P04 = 0;
  29   1        P05 = 0;
  30   1        P06 = 0;
  31   1        P07 = 0;
  32   1      
  33   1        P14 = 1;
  34   1        P15 = 1;
  35   1        P16 = 1;
  36   1        P17 = 1;
  37   1      
  38   1        Enable_INT_Port1
  39   1      
  40   1        //  Enable_BIT2_FallEdge_Trig
  41   1        //  ;
  42   1        //  Enable_BIT3_FallEdge_Trig
  43   1        //  ;
  44   1        Enable_BIT4_FallEdge_Trig
  45   1        ;
  46   1        Enable_BIT5_FallEdge_Trig
  47   1        ;
  48   1        Enable_BIT6_FallEdge_Trig
  49   1        ;
  50   1        Enable_BIT7_FallEdge_Trig
  51   1        ;
  52   1      
  53   1        set_EPI;        // Enable pin interrupt
C51 COMPILER V9.52.0.0   MAIN                                                              12/14/2017 16:07:40 PAGE 2   

  54   1      
  55   1        set_PD;
  56   1      
  57   1        SW_Reset();  //¸´Î»
  58   1      
  59   1      //        clr_EPI;
  60   1      //        PINEN = 0;
  61   1      //        PIPEN = 0;
  62   1      //        PICON = 0x00;
  63   1      
  64   1      //  P12 = 0;
  65   1      }
  66          
  67          static void pd_init(void) {
  68   1        clr_P1M1_2;
  69   1      //  set_P1M2_2;
  70   1        P1M2 |= SET_BIT2;
  71   1      
  72   1        P12 = 0;
  73   1      
  74   1      }
  75          uint16_t i=0;
  76          void main(void) {
  77   1        uint8_t PD_cnt = 0;
  78   1        uint8_t ucKeyCode;
  79   1        /****************/
  80   1          pd_init();
  81   1        for(i=0;i<150;i++){
  82   2          nop;
  83   2        }
  84   1        
  85   1        
  86   1        bsp_Init();
  87   1      
  88   1      
  89   1        /****************/
  90   1        app_eeprom_Init();
  91   1        app_2d4_init();
  92   1      //  app_work_Init();
  93   1      //  app_uart_Init();
  94   1      //  app_dome_Init();
  95   1      #if 0
                Enable_INT_Port1
              
              //  Enable_BIT2_FallEdge_Trig
              //  ;
              //  Enable_BIT3_FallEdge_Trig
              //  ;
                Enable_BIT4_FallEdge_Trig
                ;
                Enable_BIT5_FallEdge_Trig
                ;
                Enable_BIT6_FallEdge_Trig
                ;
                Enable_BIT7_FallEdge_Trig
                ;
              
                set_EPI;// Enable pin interrupt
              //  set_EX1;
              #endif
 114   1        set_EA;
 115   1      
C51 COMPILER V9.52.0.0   MAIN                                                              12/14/2017 16:07:40 PAGE 3   

 116   1        /****************/
 117   1      //  Show_FW_Version_Number_To_PC();
 118   1        while (1) {
 119   2      
 120   2          if (Task_time.flag_1ms) {
 121   3            Task_time.flag_1ms = 0;
 122   3            //////////////////
 123   3      
 124   3          }
 125   2      
 126   2          if (Task_time.flag_10ms) {
 127   3            Task_time.flag_10ms = 0;
 128   3            //////////////////
 129   3            bsp_KeyScan();
 130   3      
 131   3            app_2d4_pro();
 132   3          }
 133   2          if (Task_time.flag_100ms) {
 134   3            Task_time.flag_100ms = 0;
 135   3            //////////////////
 136   3      
 137   3            Repeat_Pro();
 138   3      
 139   3          }
 140   2          if (Task_time.flag_500ms) {
 141   3            Task_time.flag_500ms = 0;
 142   3            //////////////////
 143   3      
 144   3          }
 145   2          if (Task_time.flag_1s) {
 146   3            Task_time.flag_1s = 0;
 147   3            //////////////////
 148   3      #if 1
 149   3            PD_cnt++;
 150   3            if (PD_cnt >= 3) {
 151   4              PD_cnt = 0;
 152   4              into_powerDown();
 153   4            }
 154   3      #endif
 155   3          }
 156   2      #if 1
 157   2          ucKeyCode = bsp_GetKey();
 158   2          if (ucKeyCode != KEY_NONE) {
 159   3            PD_cnt = 0;
 160   3            app_key_pro(ucKeyCode);
 161   3      
 162   3      //      into_powerDown();
 163   3          }
 164   2      #endif
 165   2        }
 166   1      }


MODULE INFORMATION:   STATIC OVERLAYABLE
   CODE SIZE        =    250    ----
   CONSTANT SIZE    =   ----    ----
   XDATA SIZE       =      2       2
   PDATA SIZE       =   ----    ----
   DATA SIZE        =   ----    ----
   IDATA SIZE       =   ----    ----
   BIT SIZE         =   ----    ----
END OF MODULE INFORMATION.

C51 COMPILER V9.52.0.0   MAIN                                                              12/14/2017 16:07:40 PAGE 4   


C51 COMPILATION COMPLETE.  0 WARNING(S),  0 ERROR(S)
